nohup: ignoring input

  .   ____          _            __ _ _
 /\\ / ___'_ __ _ _(_)_ __  __ _ \ \ \ \
( ( )\___ | '_ | '_| | '_ \/ _` | \ \ \ \
 \\/  ___)| |_)| | | | | || (_| |  ) ) ) )
  '  |____| .__|_| |_|_| |_\__, | / / / /
 =========|_|==============|___/=/_/_/_/

 :: Spring Boot ::                (v3.5.4)

2025-08-12T17:54:06.844+02:00  INFO 18236 --- [sprint-flight] [           main] g.s.s.SprintFlightApplication            : Starting SprintFlightApplication v0.0.1-SNAPSHOT using Java 21.0.8 with PID 18236 (/home/ivyboon/sandbox/sprint-flight/build/libs/sprint-flight-0.0.1-SNAPSHOT.jar started by ivyboon in /home/ivyboon/sandbox/sprint-flight)
2025-08-12T17:54:06.847+02:00 DEBUG 18236 --- [sprint-flight] [           main] g.s.s.SprintFlightApplication            : Running with Spring Boot v3.5.4, Spring v6.2.9
2025-08-12T17:54:06.849+02:00  INFO 18236 --- [sprint-flight] [           main] g.s.s.SprintFlightApplication            : No active profile set, falling back to 1 default profile: "default"
2025-08-12T17:54:09.108+02:00  INFO 18236 --- [sprint-flight] [           main] o.s.b.w.embedded.tomcat.TomcatWebServer  : Tomcat initialized with port 8080 (http)
2025-08-12T17:54:09.137+02:00  INFO 18236 --- [sprint-flight] [           main] o.apache.catalina.core.StandardService   : Starting service [Tomcat]
2025-08-12T17:54:09.138+02:00  INFO 18236 --- [sprint-flight] [           main] o.apache.catalina.core.StandardEngine    : Starting Servlet engine: [Apache Tomcat/10.1.43]
2025-08-12T17:54:09.190+02:00  INFO 18236 --- [sprint-flight] [           main] o.a.c.c.C.[Tomcat].[localhost].[/]       : Initializing Spring embedded WebApplicationContext
2025-08-12T17:54:09.195+02:00  INFO 18236 --- [sprint-flight] [           main] w.s.c.ServletWebServerApplicationContext : Root WebApplicationContext: initialization completed in 2252 ms
2025-08-12T17:54:09.837+02:00  INFO 18236 --- [sprint-flight] [           main] o.s.b.a.w.s.WelcomePageHandlerMapping    : Adding welcome page: class path resource [static/index.html]
2025-08-12T17:54:10.597+02:00  INFO 18236 --- [sprint-flight] [           main] o.s.b.w.embedded.tomcat.TomcatWebServer  : Tomcat started on port 8080 (http) with context path '/'
2025-08-12T17:54:10.645+02:00  INFO 18236 --- [sprint-flight] [           main] g.s.s.SprintFlightApplication            : Started SprintFlightApplication in 4.651 seconds (process running for 5.678)
🛩️ Sprint Flight Application Started!
📡 API Base URL: http://localhost:8080/api/flights
🌐 Web Interface: http://localhost:8080
🏥 Health Check: http://localhost:8080/api/flights/health
2025-08-12T17:55:02.178+02:00  INFO 18236 --- [sprint-flight] [nio-8080-exec-1] o.a.c.c.C.[Tomcat].[localhost].[/]       : Initializing Spring DispatcherServlet 'dispatcherServlet'
2025-08-12T17:55:02.180+02:00  INFO 18236 --- [sprint-flight] [nio-8080-exec-1] o.s.web.servlet.DispatcherServlet        : Initializing Servlet 'dispatcherServlet'
2025-08-12T17:55:02.183+02:00  INFO 18236 --- [sprint-flight] [nio-8080-exec-1] o.s.web.servlet.DispatcherServlet        : Completed initialization in 2 ms
2025-08-12T17:55:02.358+02:00  INFO 18236 --- [sprint-flight] [nio-8080-exec-1] g.s.s.controller.ChatController          : Processing chat message: Hello, show me flights from JFK to LAX
2025-08-12T17:55:24.767+02:00  INFO 18236 --- [sprint-flight] [nio-8080-exec-2] g.s.s.controller.ChatController          : Processing chat message: Show me flights from JFK to LAX
2025-08-12T17:55:24.768+02:00  INFO 18236 --- [sprint-flight] [nio-8080-exec-2] g.s.sprint_flight.service.FlightService  : Fetching flights from JFK to LAX
2025-08-12T17:55:24.851+02:00 DEBUG 18236 --- [sprint-flight] [nio-8080-exec-2] o.s.w.r.f.client.ExchangeFunctions       : [50b1aa3a] HTTP GET http://api.aviationstack.com/v1/flights?access_key=8ca2b0c765dda4ac74da9f6dcfc91005&dep_iata=JFK&arr_iata=LAX&limit=5
2025-08-12T17:55:26.047+02:00 DEBUG 18236 --- [sprint-flight] [or-http-epoll-2] o.s.w.r.f.client.ExchangeFunctions       : [50b1aa3a] [17fa1ab6-1] Response 200 OK
2025-08-12T17:56:11.979+02:00  INFO 18236 --- [sprint-flight] [nio-8080-exec-5] g.s.s.controller.ChatController          : Processing chat message: Hello can you show me flights to JFK to washington
2025-08-12T17:56:31.706+02:00  INFO 18236 --- [sprint-flight] [nio-8080-exec-6] g.s.s.controller.ChatController          : Processing chat message: Show me flights from jfk to lax
2025-08-12T17:56:31.708+02:00  INFO 18236 --- [sprint-flight] [nio-8080-exec-6] g.s.sprint_flight.service.FlightService  : Fetching flights from JFK to LAX
2025-08-12T17:56:31.709+02:00 DEBUG 18236 --- [sprint-flight] [nio-8080-exec-6] o.s.w.r.f.client.ExchangeFunctions       : [1bcd7302] HTTP GET http://api.aviationstack.com/v1/flights?access_key=8ca2b0c765dda4ac74da9f6dcfc91005&dep_iata=JFK&arr_iata=LAX&limit=5
2025-08-12T17:56:32.192+02:00 DEBUG 18236 --- [sprint-flight] [or-http-epoll-2] o.s.w.r.f.client.ExchangeFunctions       : [1bcd7302] [17fa1ab6-2] Response 200 OK
2025-08-12T17:57:28.785+02:00  INFO 18236 --- [sprint-flight] [nio-8080-exec-7] g.s.s.controller.ChatController          : Processing chat message: Flights from JHB to CPT
2025-08-12T17:57:28.785+02:00  INFO 18236 --- [sprint-flight] [nio-8080-exec-7] g.s.sprint_flight.service.FlightService  : Fetching flights from JHB to CPT
2025-08-12T17:57:28.786+02:00 DEBUG 18236 --- [sprint-flight] [nio-8080-exec-7] o.s.w.r.f.client.ExchangeFunctions       : [1d42c864] HTTP GET http://api.aviationstack.com/v1/flights?access_key=8ca2b0c765dda4ac74da9f6dcfc91005&dep_iata=JHB&arr_iata=CPT&limit=5
2025-08-12T17:57:29.195+02:00 DEBUG 18236 --- [sprint-flight] [or-http-epoll-2] o.s.w.r.f.client.ExchangeFunctions       : [1d42c864] [17fa1ab6-3] Response 200 OK
2025-08-12T17:57:35.495+02:00  INFO 18236 --- [sprint-flight] [nio-8080-exec-8] g.s.s.controller.ChatController          : Processing chat message: yes
2025-08-12T18:10:47.355+02:00  INFO 18236 --- [sprint-flight] [nio-8080-exec-1] g.s.s.controller.ChatController          : Processing chat message: Flights from New York
2025-08-12T18:10:47.357+02:00  INFO 18236 --- [sprint-flight] [nio-8080-exec-1] g.s.sprint_flight.service.FlightService  : Fetching flights from departure airport: NEW
2025-08-12T18:10:47.361+02:00 DEBUG 18236 --- [sprint-flight] [nio-8080-exec-1] o.s.w.r.f.client.ExchangeFunctions       : [2ad25e8d] HTTP GET http://api.aviationstack.com/v1/flights?access_key=8ca2b0c765dda4ac74da9f6dcfc91005&dep_iata=NEW&limit=5
2025-08-12T18:10:52.413+02:00 ERROR 18236 --- [sprint-flight] [nio-8080-exec-1] g.s.sprint_flight.service.FlightService  : Unexpected error when fetching flights by departure airport NEW: null: api.aviationstack.com/[2606:4700:20:0:0:0:ac43:44da]:80
