nohup: ignoring input

  .   ____          _            __ _ _
 /\\ / ___'_ __ _ _(_)_ __  __ _ \ \ \ \
( ( )\___ | '_ | '_| | '_ \/ _` | \ \ \ \
 \\/  ___)| |_)| | | | | || (_| |  ) ) ) )
  '  |____| .__|_| |_|_| |_\__, | / / / /
 =========|_|==============|___/=/_/_/_/

 :: Spring Boot ::                (v3.5.4)

2025-08-12T18:11:30.373+02:00  INFO 21680 --- [sprint-flight] [           main] g.s.s.SprintFlightApplication            : Starting SprintFlightApplication v0.0.1-SNAPSHOT using Java 21.0.8 with PID 21680 (/home/ivyboon/sandbox/sprint-flight/build/libs/sprint-flight-0.0.1-SNAPSHOT.jar started by ivyboon in /home/ivyboon/sandbox/sprint-flight)
2025-08-12T18:11:30.380+02:00 DEBUG 21680 --- [sprint-flight] [           main] g.s.s.SprintFlightApplication            : Running with Spring Boot v3.5.4, Spring v6.2.9
2025-08-12T18:11:30.384+02:00  INFO 21680 --- [sprint-flight] [           main] g.s.s.SprintFlightApplication            : No active profile set, falling back to 1 default profile: "default"
2025-08-12T18:11:32.792+02:00  INFO 21680 --- [sprint-flight] [           main] o.s.b.w.embedded.tomcat.TomcatWebServer  : Tomcat initialized with port 8080 (http)
2025-08-12T18:11:32.822+02:00  INFO 21680 --- [sprint-flight] [           main] o.apache.catalina.core.StandardService   : Starting service [Tomcat]
2025-08-12T18:11:32.824+02:00  INFO 21680 --- [sprint-flight] [           main] o.apache.catalina.core.StandardEngine    : Starting Servlet engine: [Apache Tomcat/10.1.43]
2025-08-12T18:11:32.881+02:00  INFO 21680 --- [sprint-flight] [           main] o.a.c.c.C.[Tomcat].[localhost].[/]       : Initializing Spring embedded WebApplicationContext
2025-08-12T18:11:32.883+02:00  INFO 21680 --- [sprint-flight] [           main] w.s.c.ServletWebServerApplicationContext : Root WebApplicationContext: initialization completed in 2397 ms
2025-08-12T18:11:33.562+02:00  INFO 21680 --- [sprint-flight] [           main] o.s.b.a.w.s.WelcomePageHandlerMapping    : Adding welcome page: class path resource [static/index.html]
2025-08-12T18:11:34.312+02:00  INFO 21680 --- [sprint-flight] [           main] o.s.b.w.embedded.tomcat.TomcatWebServer  : Tomcat started on port 8080 (http) with context path '/'
2025-08-12T18:11:34.383+02:00  INFO 21680 --- [sprint-flight] [           main] g.s.s.SprintFlightApplication            : Started SprintFlightApplication in 4.931 seconds (process running for 5.881)
🛩️ Sprint Flight Application Started!
📡 API Base URL: http://localhost:8080/api/flights
🌐 Web Interface: http://localhost:8080
🏥 Health Check: http://localhost:8080/api/flights/health
2025-08-12T18:17:12.237+02:00  INFO 21680 --- [sprint-flight] [nio-8080-exec-2] o.a.c.c.C.[Tomcat].[localhost].[/]       : Initializing Spring DispatcherServlet 'dispatcherServlet'
2025-08-12T18:17:12.238+02:00  INFO 21680 --- [sprint-flight] [nio-8080-exec-2] o.s.web.servlet.DispatcherServlet        : Initializing Servlet 'dispatcherServlet'
2025-08-12T18:17:12.243+02:00  INFO 21680 --- [sprint-flight] [nio-8080-exec-2] o.s.web.servlet.DispatcherServlet        : Completed initialization in 4 ms
